#-----------------------------------------------------------
# Vivado v2018.2 (64-bit)
# SW Build 2258646 on Thu Jun 14 20:03:12 MDT 2018
# IP Build 2256618 on Thu Jun 14 22:10:49 MDT 2018
# Start of session at: Tue Jan 30 12:40:28 2024
# Process ID: 13212
# Current directory: C:/Users/haoxu/Documents/m152a/combinational_gates
# Command line: vivado.exe -gui_launcher_event rodinguilauncherevent13768 C:\Users\haoxu\Documents\m152a\combinational_gates\combinational_gates.xpr
# Log file: C:/Users/haoxu/Documents/m152a/combinational_gates/vivado.log
# Journal file: C:/Users/haoxu/Documents/m152a/combinational_gates\vivado.jou
#-----------------------------------------------------------
start_gui
open_project C:/Users/haoxu/Documents/m152a/combinational_gates/combinational_gates.xpr
Scanning sources...
Finished scanning sources
INFO: [IP_Flow 19-234] Refreshing IP repositories
INFO: [IP_Flow 19-1704] No user IP repositories specified
INFO: [IP_Flow 19-2313] Loaded Vivado IP repository 'C:/Xilinx/Vivado/2018.2/data/ip'.
open_project: Time (s): cpu = 00:00:15 ; elapsed = 00:00:08 . Memory (MB): peak = 912.523 ; gain = 151.074
update_compile_order -fileset sources_1
exit
INFO: [Common 17-206] Exiting Vivado at Tue Jan 30 13:54:59 2024...
