#-----------------------------------------------------------
# Vivado v2018.2 (64-bit)
# SW Build 2258646 on Thu Jun 14 20:03:12 MDT 2018
# IP Build 2256618 on Thu Jun 14 22:10:49 MDT 2018
# Start of session at: Tue Jan 16 12:10:47 2024
# Process ID: 4048
# Current directory: C:/Users/haoxu/Documents/m152a/4bit_counter
# Command line: vivado.exe -gui_launcher_event rodinguilauncherevent8752 C:\Users\haoxu\Documents\m152a\4bit_counter\4bit_counter.xpr
# Log file: C:/Users/haoxu/Documents/m152a/4bit_counter/vivado.log
# Journal file: C:/Users/haoxu/Documents/m152a/4bit_counter\vivado.jou
#-----------------------------------------------------------
start_gui
open_project C:/Users/haoxu/Documents/m152a/4bit_counter/4bit_counter.xpr
Scanning sources...
Finished scanning sources
INFO: [IP_Flow 19-234] Refreshing IP repositories
INFO: [IP_Flow 19-1704] No user IP repositories specified
INFO: [IP_Flow 19-2313] Loaded Vivado IP repository 'C:/Xilinx/Vivado/2018.2/data/ip'.
open_project: Time (s): cpu = 00:00:06 ; elapsed = 00:00:06 . Memory (MB): peak = 875.648 ; gain = 114.141
update_compile_order -fileset sources_1
exit
INFO: [Common 17-206] Exiting Vivado at Tue Jan 16 12:12:34 2024...
