Vivado Simulator 2018.2
Time resolution is 1 ps
         5 ... led output changed to 00000000
   1501000 ... Running instruction 00000000
   5243925 ... instruction 00000000 executed
   5243925 ... led output changed to 00000001
   6001000 ... Running instruction 11000000
   9176085 ... instruction 11000000 executed
   9176085 ... led output changed to 00000010
   9228695 UART0 Received byte 30303030 ( 0000 )
  10501000 ... Running instruction 00010001
  14418965 ... instruction 00010001 executed
  14418965 ... led output changed to 00000011
  15001000 ... Running instruction 11010000
  18351125 ... instruction 11010000 executed
  18351125 ... led output changed to 00000100
  18403735 UART0 Received byte 30303031 ( 0001 )
  19501000 ... Running instruction 01000110
  23594005 ... instruction 01000110 executed
  23594005 ... led output changed to 00000101
  24001000 ... Running instruction 11100000
  27526165 ... instruction 11100000 executed
  27526165 ... led output changed to 00000110
  27578775 UART0 Received byte 30303031 ( 0001 )
  28501000 ... Running instruction 01011011
  31458325 ... instruction 01011011 executed
  31458325 ... led output changed to 00000111
  33001000 ... Running instruction 11110000
  36701205 ... instruction 11110000 executed
  36701205 ... led output changed to 00001000
  36753815 UART0 Received byte 30303032 ( 0002 )
  37501000 ... Running instruction 01101100
  40633365 ... instruction 01101100 executed
  40633365 ... led output changed to 00001001
  42001000 ... Running instruction 11000000
  45876245 ... instruction 11000000 executed
  45876245 ... led output changed to 00001010
  45928855 UART0 Received byte 30303033 ( 0003 )
  46501000 ... Running instruction 01001101
  49808405 ... instruction 01001101 executed
  49808405 ... led output changed to 00001011
  51001000 ... Running instruction 11010000
  55051285 ... instruction 11010000 executed
  55051285 ... led output changed to 00001100
  55103895 UART0 Received byte 30303035 ( 0005 )
  55501000 ... Running instruction 01000110
  58983445 ... instruction 01000110 executed
  58983445 ... led output changed to 00001101
  60001000 ... Running instruction 11100000
  62915605 ... instruction 11100000 executed
  62915605 ... led output changed to 00001110
  62968215 UART0 Received byte 30303038 ( 0008 )
  64501000 ... Running instruction 01011011
  68158485 ... instruction 01011011 executed
  68158485 ... led output changed to 00001111
  69001000 ... Running instruction 11110000
  72090645 ... instruction 11110000 executed
  72090645 ... led output changed to 00010000
  72143255 UART0 Received byte 30303044 ( 000D )
  73501000 ... Running instruction 01101100
  77333525 ... instruction 01101100 executed
  77333525 ... led output changed to 00010001
  78001000 ... Running instruction 11000000
  81265685 ... instruction 11000000 executed
  81265685 ... led output changed to 00010010
  81318295 UART0 Received byte 30303135 ( 0015 )
  82501000 ... Running instruction 01110001
  86508565 ... instruction 01110001 executed
  86508565 ... led output changed to 00010011
  87001000 ... Running instruction 11010000
  90440725 ... instruction 11010000 executed
  90440725 ... led output changed to 00010100
  90493335 UART0 Received byte 30303232 ( 0022 )
$finish called at time : 91502 us : File "C:/Users/haoxu/Downloads/Lab1/Lab1/Src_lab1/tb/tb.v" Line 54
