#-----------------------------------------------------------
# Vivado v2018.2 (64-bit)
# SW Build 2258646 on Thu Jun 14 20:03:12 MDT 2018
# IP Build 2256618 on Thu Jun 14 22:10:49 MDT 2018
# Start of session at: Tue Jan 16 12:12:36 2024
# Process ID: 12052
# Current directory: C:/Users/haoxu/Documents/m152a/counter
# Command line: vivado.exe -gui_launcher_event rodinguilauncherevent2444 C:\Users\haoxu\Documents\m152a\counter\4bit_counter.xpr
# Log file: C:/Users/haoxu/Documents/m152a/counter/vivado.log
# Journal file: C:/Users/haoxu/Documents/m152a/counter\vivado.jou
#-----------------------------------------------------------
start_gui
open_project C:/Users/haoxu/Documents/m152a/counter/4bit_counter.xpr
INFO: [Project 1-313] Project file moved from 'C:/Users/haoxu/Documents/m152a/4bit_counter' since last save.
Scanning sources...
Finished scanning sources
INFO: [IP_Flow 19-234] Refreshing IP repositories
INFO: [IP_Flow 19-1704] No user IP repositories specified
INFO: [IP_Flow 19-2313] Loaded Vivado IP repository 'C:/Xilinx/Vivado/2018.2/data/ip'.
update_compile_order -fileset sources_1
exit
INFO: [Common 17-206] Exiting Vivado at Tue Jan 16 12:13:42 2024...
