#-----------------------------------------------------------
# Vivado v2018.2 (64-bit)
# SW Build 2258646 on Thu Jun 14 20:03:12 MDT 2018
# IP Build 2256618 on Thu Jun 14 22:10:49 MDT 2018
# Start of session at: Tue Jan 16 12:17:06 2024
# Process ID: 14144
# Current directory: C:/Users/haoxu/Documents/m152a/counter
# Command line: vivado.exe -gui_launcher_event rodinguilauncherevent8672 C:\Users\haoxu\Documents\m152a\counter\4bit_counter.xpr
# Log file: C:/Users/haoxu/Documents/m152a/counter/vivado.log
# Journal file: C:/Users/haoxu/Documents/m152a/counter\vivado.jou
#-----------------------------------------------------------
start_gui
open_project C:/Users/haoxu/Documents/m152a/counter/4bit_counter.xpr
INFO: [Project 1-313] Project file moved from 'C:/Users/haoxu/Documents/m152a/4bit_counter' since last save.
Scanning sources...
Finished scanning sources
INFO: [IP_Flow 19-234] Refreshing IP repositories
INFO: [IP_Flow 19-1704] No user IP repositories specified
INFO: [IP_Flow 19-2313] Loaded Vivado IP repository 'C:/Xilinx/Vivado/2018.2/data/ip'.
update_compile_order -fileset sources_1
add_files -fileset constrs_1 -norecurse C:/Users/haoxu/Downloads/Basys-3-Master.xdc
launch_runs synth_1 -jobs 8
[Tue Jan 16 12:24:21 2024] Launched synth_1...
Run output will be captured here: C:/Users/haoxu/Documents/m152a/counter/4bit_counter.runs/synth_1/runme.log
launch_runs impl_1 -jobs 8
[Tue Jan 16 12:25:15 2024] Launched impl_1...
Run output will be captured here: C:/Users/haoxu/Documents/m152a/counter/4bit_counter.runs/impl_1/runme.log
reset_run impl_1
launch_runs impl_1 -jobs 8
[Tue Jan 16 12:29:10 2024] Launched impl_1...
Run output will be captured here: C:/Users/haoxu/Documents/m152a/counter/4bit_counter.runs/impl_1/runme.log
reset_run synth_1
launch_runs synth_1 -jobs 8
[Tue Jan 16 12:33:13 2024] Launched synth_1...
Run output will be captured here: C:/Users/haoxu/Documents/m152a/counter/4bit_counter.runs/synth_1/runme.log
launch_runs impl_1 -jobs 8
[Tue Jan 16 12:33:45 2024] Launched impl_1...
Run output will be captured here: C:/Users/haoxu/Documents/m152a/counter/4bit_counter.runs/impl_1/runme.log
set_property top clk_1m_1 [current_fileset]
update_compile_order -fileset sources_1
reset_run synth_1
launch_runs impl_1 -jobs 8
[Tue Jan 16 12:35:23 2024] Launched synth_1...
Run output will be captured here: C:/Users/haoxu/Documents/m152a/counter/4bit_counter.runs/synth_1/runme.log
[Tue Jan 16 12:35:23 2024] Launched impl_1...
Run output will be captured here: C:/Users/haoxu/Documents/m152a/counter/4bit_counter.runs/impl_1/runme.log
launch_runs impl_1 -to_step write_bitstream -jobs 8
[Tue Jan 16 12:36:48 2024] Launched impl_1...
Run output will be captured here: C:/Users/haoxu/Documents/m152a/counter/4bit_counter.runs/impl_1/runme.log
open_hw
connect_hw_server
INFO: [Labtools 27-2285] Connecting to hw_server url TCP:localhost:3121
INFO: [Labtools 27-2222] Launching hw_server...
INFO: [Labtools 27-2221] Launch Output:

****** Xilinx hw_server v2018.2
  **** Build date : Jun 14 2018-20:42:52
    ** Copyright 1986-2018 Xilinx, Inc. All Rights Reserved.


connect_hw_server: Time (s): cpu = 00:00:00 ; elapsed = 00:00:06 . Memory (MB): peak = 944.562 ; gain = 2.590
open_hw_target
INFO: [Labtoolstcl 44-466] Opening hw_target localhost:3121/xilinx_tcf/Digilent/210183B4118EA
set_property PROGRAM.FILE {C:/Users/haoxu/Documents/m152a/counter/4bit_counter.runs/impl_1/clk_1m_1.bit} [get_hw_devices xc7a35t_0]
current_hw_device [get_hw_devices xc7a35t_0]
refresh_hw_device -update_hw_probes false [lindex [get_hw_devices xc7a35t_0] 0]
INFO: [Labtools 27-1434] Device xc7a35t (JTAG device index = 0) is programmed with a design that has no supported debug core(s) in it.
WARNING: [Labtools 27-3361] The debug hub core was not detected.
Resolution: 
1. Make sure the clock connected to the debug hub (dbg_hub) core is a free running clock and is active.
2. Make sure the BSCAN_SWITCH_USER_MASK device property in Vivado Hardware Manager reflects the user scan chain setting in the design and refresh the device.  To determine the user scan chain setting in the design, open the implemented design and use 'get_property C_USER_SCAN_CHAIN [get_debug_cores dbg_hub]'.
For more details on setting the scan chain property, consult the Vivado Debug and Programming User Guide (UG908).
set_property PROBES.FILE {} [get_hw_devices xc7a35t_0]
set_property FULL_PROBES.FILE {} [get_hw_devices xc7a35t_0]
set_property PROGRAM.FILE {C:/Users/haoxu/Documents/m152a/counter/4bit_counter.runs/impl_1/clk_1m_1.bit} [get_hw_devices xc7a35t_0]
program_hw_devices [get_hw_devices xc7a35t_0]
INFO: [Labtools 27-3164] End of startup status: HIGH
refresh_hw_device [lindex [get_hw_devices xc7a35t_0] 0]
INFO: [Labtools 27-1434] Device xc7a35t (JTAG device index = 0) is programmed with a design that has no supported debug core(s) in it.
WARNING: [Labtools 27-3361] The debug hub core was not detected.
Resolution: 
1. Make sure the clock connected to the debug hub (dbg_hub) core is a free running clock and is active.
2. Make sure the BSCAN_SWITCH_USER_MASK device property in Vivado Hardware Manager reflects the user scan chain setting in the design and refresh the device.  To determine the user scan chain setting in the design, open the implemented design and use 'get_property C_USER_SCAN_CHAIN [get_debug_cores dbg_hub]'.
For more details on setting the scan chain property, consult the Vivado Debug and Programming User Guide (UG908).
ERROR: [Labtoolstcl 44-513] HW Target shutdown. Closing target: localhost:3121/xilinx_tcf/Digilent/210183B4118EA
exit
INFO: [Common 17-206] Exiting Vivado at Tue Jan 16 13:06:54 2024...
