#-----------------------------------------------------------
# Vivado v2018.2 (64-bit)
# SW Build 2258646 on Thu Jun 14 20:03:12 MDT 2018
# IP Build 2256618 on Thu Jun 14 22:10:49 MDT 2018
# Start of session at: Tue Feb  6 12:29:27 2024
# Process ID: 10628
# Current directory: C:/Users/haoxu/Documents/m152a/lab1
# Command line: vivado.exe -gui_launcher_event rodinguilauncherevent13736 C:\Users\haoxu\Documents\m152a\lab1\lab1.xpr
# Log file: C:/Users/haoxu/Documents/m152a/lab1/vivado.log
# Journal file: C:/Users/haoxu/Documents/m152a/lab1\vivado.jou
#-----------------------------------------------------------
start_gui
open_project C:/Users/haoxu/Documents/m152a/lab1/lab1.xpr
Scanning sources...
Finished scanning sources
INFO: [IP_Flow 19-234] Refreshing IP repositories
INFO: [IP_Flow 19-1704] No user IP repositories specified
INFO: [IP_Flow 19-2313] Loaded Vivado IP repository 'C:/Xilinx/Vivado/2018.2/data/ip'.
open_project: Time (s): cpu = 00:00:15 ; elapsed = 00:00:11 . Memory (MB): peak = 921.566 ; gain = 165.918
update_compile_order -fileset sources_1
exit
INFO: [Common 17-206] Exiting Vivado at Tue Feb  6 14:08:51 2024...
