#-----------------------------------------------------------
# Vivado v2018.2 (64-bit)
# SW Build 2258646 on Thu Jun 14 20:03:12 MDT 2018
# IP Build 2256618 on Thu Jun 14 22:10:49 MDT 2018
# Start of session at: Tue Jan 30 13:37:08 2024
# Process ID: 9172
# Current directory: C:/Users/haoxu/Documents/m152a/lab1
# Command line: vivado.exe -gui_launcher_event rodinguilauncherevent2288 C:\Users\haoxu\Documents\m152a\lab1\lab1.xpr
# Log file: C:/Users/haoxu/Documents/m152a/lab1/vivado.log
# Journal file: C:/Users/haoxu/Documents/m152a/lab1\vivado.jou
#-----------------------------------------------------------
start_gui
open_project C:/Users/haoxu/Documents/m152a/lab1/lab1.xpr
Scanning sources...
Finished scanning sources
INFO: [IP_Flow 19-234] Refreshing IP repositories
INFO: [IP_Flow 19-1704] No user IP repositories specified
INFO: [IP_Flow 19-2313] Loaded Vivado IP repository 'C:/Xilinx/Vivado/2018.2/data/ip'.
open_project: Time (s): cpu = 00:00:17 ; elapsed = 00:00:08 . Memory (MB): peak = 930.148 ; gain = 171.879
update_compile_order -fileset sources_1
exit
INFO: [Common 17-206] Exiting Vivado at Tue Jan 30 13:54:56 2024...
