#-----------------------------------------------------------
# Vivado v2018.2 (64-bit)
# SW Build 2258646 on Thu Jun 14 20:03:12 MDT 2018
# IP Build 2256618 on Thu Jun 14 22:10:49 MDT 2018
# Start of session at: Tue Feb  6 15:06:18 2024
# Process ID: 17940
# Current directory: C:/Users/haoxu/Documents/m152a/lab2/floating_point_conversion
# Command line: vivado.exe -gui_launcher_event rodinguilauncherevent18052 C:\Users\haoxu\Documents\m152a\lab2\floating_point_conversion\floating_point_conversion.xpr
# Log file: C:/Users/haoxu/Documents/m152a/lab2/floating_point_conversion/vivado.log
# Journal file: C:/Users/haoxu/Documents/m152a/lab2/floating_point_conversion\vivado.jou
#-----------------------------------------------------------
start_gui
open_project C:/Users/haoxu/Documents/m152a/lab2/floating_point_conversion/floating_point_conversion.xpr
Scanning sources...
Finished scanning sources
INFO: [IP_Flow 19-234] Refreshing IP repositories
INFO: [IP_Flow 19-1704] No user IP repositories specified
INFO: [IP_Flow 19-2313] Loaded Vivado IP repository 'C:/Xilinx/Vivado/2018.2/data/ip'.
open_project: Time (s): cpu = 00:00:11 ; elapsed = 00:00:09 . Memory (MB): peak = 863.207 ; gain = 115.695
update_compile_order -fileset sources_1
launch_simulation
INFO: [Vivado 12-5682] Launching behavioral simulation in 'C:/Users/haoxu/Documents/m152a/lab2/floating_point_conversion/floating_point_conversion.sim/sim_1/behav/xsim'
INFO: [SIM-utils-51] Simulation object is 'sim_1'
INFO: [SIM-utils-54] Inspecting design source files for 'floating_point_conversion_tb' in fileset 'sim_1'...
INFO: [USF-XSim-97] Finding global include files...
INFO: [USF-XSim-98] Fetching design files from 'sim_1'...
INFO: [USF-XSim-2] XSim::Compile design
INFO: [USF-XSim-61] Executing 'COMPILE and ANALYZE' step in 'C:/Users/haoxu/Documents/m152a/lab2/floating_point_conversion/floating_point_conversion.sim/sim_1/behav/xsim'
"xvlog --incr --relax -prj floating_point_conversion_tb_vlog.prj"
INFO: [VRFC 10-2263] Analyzing Verilog file "C:/Users/haoxu/Documents/m152a/lab2/floating_point_conversion/floating_point_conversion.srcs/sources_1/new/fpcvt.v" into library xil_defaultlib
INFO: [VRFC 10-311] analyzing module fpcvt
INFO: [VRFC 10-2263] Analyzing Verilog file "C:/Users/haoxu/Documents/m152a/lab2/floating_point_conversion/floating_point_conversion.srcs/sources_1/new/floating_point_conversion_tb.v" into library xil_defaultlib
INFO: [VRFC 10-311] analyzing module floating_point_conversion_tb
INFO: [USF-XSim-69] 'compile' step finished in '3' seconds
INFO: [USF-XSim-3] XSim::Elaborate design
INFO: [USF-XSim-61] Executing 'ELABORATE' step in 'C:/Users/haoxu/Documents/m152a/lab2/floating_point_conversion/floating_point_conversion.sim/sim_1/behav/xsim'
Vivado Simulator 2018.2
Copyright 1986-1999, 2001-2018 Xilinx, Inc. All Rights Reserved.
Running: C:/Xilinx/Vivado/2018.2/bin/unwrapped/win64.o/xelab.exe -wto 7bdf4f29ed5b44dca7b4899c5c18519d --incr --debug typical --relax --mt 2 -L xil_defaultlib -L unisims_ver -L unimacro_ver -L secureip --snapshot floating_point_conversion_tb_behav xil_defaultlib.floating_point_conversion_tb xil_defaultlib.glbl -log elaborate.log 
Using 2 slave threads.
Starting static elaboration
Completed static elaboration
Starting simulation data flow analysis
Completed simulation data flow analysis
Time Resolution for simulation is 1ps
Compiling module xil_defaultlib.fpcvt
Compiling module xil_defaultlib.floating_point_conversion_tb
Compiling module xil_defaultlib.glbl
Built simulation snapshot floating_point_conversion_tb_behav
INFO: [USF-XSim-69] 'elaborate' step finished in '4' seconds
INFO: [USF-XSim-4] XSim::Simulate design
INFO: [USF-XSim-61] Executing 'SIMULATE' step in 'C:/Users/haoxu/Documents/m152a/lab2/floating_point_conversion/floating_point_conversion.sim/sim_1/behav/xsim'
INFO: [USF-XSim-98] *** Running xsim
   with args "floating_point_conversion_tb_behav -key {Behavioral:sim_1:Functional:floating_point_conversion_tb} -tclbatch {floating_point_conversion_tb.tcl} -log {simulate.log}"
INFO: [USF-XSim-8] Loading simulator feature
Vivado Simulator 2018.2
Time resolution is 1 ps
source floating_point_conversion_tb.tcl
# set curr_wave [current_wave_config]
# if { [string length $curr_wave] == 0 } {
#   if { [llength [get_objects]] > 0} {
#     add_wave /
#     set_property needs_save false [current_wave_config]
#   } else {
#      send_msg_id Add_Wave-1 WARNING "No top level signals found. Simulator will start without a wave window. If you want to open a wave window go to 'File->New Waveform Configuration' or type 'create_wave_config' in the TCL console."
#   }
# }
# run 1000ns
original in_D value is 100000000000
in_D value is 111111111110
Output is 1, 111, 1111
INFO: [USF-XSim-96] XSim completed. Design snapshot 'floating_point_conversion_tb_behav' loaded.
INFO: [USF-XSim-97] XSim simulation ran for 1000ns
launch_simulation: Time (s): cpu = 00:00:07 ; elapsed = 00:00:11 . Memory (MB): peak = 900.230 ; gain = 6.867
close_sim
INFO: [Simtcl 6-16] Simulation closed
launch_simulation
INFO: [Vivado 12-5682] Launching behavioral simulation in 'C:/Users/haoxu/Documents/m152a/lab2/floating_point_conversion/floating_point_conversion.sim/sim_1/behav/xsim'
INFO: [SIM-utils-51] Simulation object is 'sim_1'
INFO: [SIM-utils-54] Inspecting design source files for 'floating_point_conversion_tb' in fileset 'sim_1'...
INFO: [USF-XSim-97] Finding global include files...
INFO: [USF-XSim-98] Fetching design files from 'sim_1'...
INFO: [USF-XSim-2] XSim::Compile design
INFO: [USF-XSim-61] Executing 'COMPILE and ANALYZE' step in 'C:/Users/haoxu/Documents/m152a/lab2/floating_point_conversion/floating_point_conversion.sim/sim_1/behav/xsim'
"xvlog --incr --relax -prj floating_point_conversion_tb_vlog.prj"
INFO: [VRFC 10-2263] Analyzing Verilog file "C:/Users/haoxu/Documents/m152a/lab2/floating_point_conversion/floating_point_conversion.srcs/sources_1/new/fpcvt.v" into library xil_defaultlib
INFO: [VRFC 10-311] analyzing module fpcvt
INFO: [VRFC 10-2263] Analyzing Verilog file "C:/Users/haoxu/Documents/m152a/lab2/floating_point_conversion/floating_point_conversion.srcs/sources_1/new/floating_point_conversion_tb.v" into library xil_defaultlib
INFO: [VRFC 10-311] analyzing module floating_point_conversion_tb
INFO: [USF-XSim-69] 'compile' step finished in '2' seconds
INFO: [USF-XSim-3] XSim::Elaborate design
INFO: [USF-XSim-61] Executing 'ELABORATE' step in 'C:/Users/haoxu/Documents/m152a/lab2/floating_point_conversion/floating_point_conversion.sim/sim_1/behav/xsim'
Vivado Simulator 2018.2
Copyright 1986-1999, 2001-2018 Xilinx, Inc. All Rights Reserved.
Running: C:/Xilinx/Vivado/2018.2/bin/unwrapped/win64.o/xelab.exe -wto 7bdf4f29ed5b44dca7b4899c5c18519d --incr --debug typical --relax --mt 2 -L xil_defaultlib -L unisims_ver -L unimacro_ver -L secureip --snapshot floating_point_conversion_tb_behav xil_defaultlib.floating_point_conversion_tb xil_defaultlib.glbl -log elaborate.log 
Using 2 slave threads.
Starting static elaboration
Completed static elaboration
Starting simulation data flow analysis
Completed simulation data flow analysis
Time Resolution for simulation is 1ps
Compiling module xil_defaultlib.fpcvt
Compiling module xil_defaultlib.floating_point_conversion_tb
Compiling module xil_defaultlib.glbl
Built simulation snapshot floating_point_conversion_tb_behav
INFO: [USF-XSim-69] 'elaborate' step finished in '2' seconds
INFO: [USF-XSim-4] XSim::Simulate design
INFO: [USF-XSim-61] Executing 'SIMULATE' step in 'C:/Users/haoxu/Documents/m152a/lab2/floating_point_conversion/floating_point_conversion.sim/sim_1/behav/xsim'
INFO: [USF-XSim-98] *** Running xsim
   with args "floating_point_conversion_tb_behav -key {Behavioral:sim_1:Functional:floating_point_conversion_tb} -tclbatch {floating_point_conversion_tb.tcl} -log {simulate.log}"
INFO: [USF-XSim-8] Loading simulator feature
Vivado Simulator 2018.2
Time resolution is 1 ps
source floating_point_conversion_tb.tcl
# set curr_wave [current_wave_config]
# if { [string length $curr_wave] == 0 } {
#   if { [llength [get_objects]] > 0} {
#     add_wave /
#     set_property needs_save false [current_wave_config]
#   } else {
#      send_msg_id Add_Wave-1 WARNING "No top level signals found. Simulator will start without a wave window. If you want to open a wave window go to 'File->New Waveform Configuration' or type 'create_wave_config' in the TCL console."
#   }
# }
# run 1000ns
original in_D value is 100000000001
in_D value is 111111111110
Output is 1, 111, 1111
INFO: [USF-XSim-96] XSim completed. Design snapshot 'floating_point_conversion_tb_behav' loaded.
INFO: [USF-XSim-97] XSim simulation ran for 1000ns
launch_simulation: Time (s): cpu = 00:00:05 ; elapsed = 00:00:06 . Memory (MB): peak = 919.480 ; gain = 0.000
close_sim
INFO: [Simtcl 6-16] Simulation closed
launch_simulation
INFO: [Vivado 12-5682] Launching behavioral simulation in 'C:/Users/haoxu/Documents/m152a/lab2/floating_point_conversion/floating_point_conversion.sim/sim_1/behav/xsim'
INFO: [SIM-utils-51] Simulation object is 'sim_1'
INFO: [SIM-utils-54] Inspecting design source files for 'floating_point_conversion_tb' in fileset 'sim_1'...
INFO: [USF-XSim-97] Finding global include files...
INFO: [USF-XSim-98] Fetching design files from 'sim_1'...
INFO: [USF-XSim-2] XSim::Compile design
INFO: [USF-XSim-61] Executing 'COMPILE and ANALYZE' step in 'C:/Users/haoxu/Documents/m152a/lab2/floating_point_conversion/floating_point_conversion.sim/sim_1/behav/xsim'
"xvlog --incr --relax -prj floating_point_conversion_tb_vlog.prj"
INFO: [VRFC 10-2263] Analyzing Verilog file "C:/Users/haoxu/Documents/m152a/lab2/floating_point_conversion/floating_point_conversion.srcs/sources_1/new/fpcvt.v" into library xil_defaultlib
INFO: [VRFC 10-311] analyzing module fpcvt
INFO: [VRFC 10-2263] Analyzing Verilog file "C:/Users/haoxu/Documents/m152a/lab2/floating_point_conversion/floating_point_conversion.srcs/sources_1/new/floating_point_conversion_tb.v" into library xil_defaultlib
INFO: [VRFC 10-311] analyzing module floating_point_conversion_tb
INFO: [USF-XSim-69] 'compile' step finished in '2' seconds
INFO: [USF-XSim-3] XSim::Elaborate design
INFO: [USF-XSim-61] Executing 'ELABORATE' step in 'C:/Users/haoxu/Documents/m152a/lab2/floating_point_conversion/floating_point_conversion.sim/sim_1/behav/xsim'
Vivado Simulator 2018.2
Copyright 1986-1999, 2001-2018 Xilinx, Inc. All Rights Reserved.
Running: C:/Xilinx/Vivado/2018.2/bin/unwrapped/win64.o/xelab.exe -wto 7bdf4f29ed5b44dca7b4899c5c18519d --incr --debug typical --relax --mt 2 -L xil_defaultlib -L unisims_ver -L unimacro_ver -L secureip --snapshot floating_point_conversion_tb_behav xil_defaultlib.floating_point_conversion_tb xil_defaultlib.glbl -log elaborate.log 
Using 2 slave threads.
Starting static elaboration
Completed static elaboration
Starting simulation data flow analysis
Completed simulation data flow analysis
Time Resolution for simulation is 1ps
Compiling module xil_defaultlib.fpcvt
Compiling module xil_defaultlib.floating_point_conversion_tb
Compiling module xil_defaultlib.glbl
Built simulation snapshot floating_point_conversion_tb_behav
INFO: [USF-XSim-69] 'elaborate' step finished in '2' seconds
INFO: [USF-XSim-4] XSim::Simulate design
INFO: [USF-XSim-61] Executing 'SIMULATE' step in 'C:/Users/haoxu/Documents/m152a/lab2/floating_point_conversion/floating_point_conversion.sim/sim_1/behav/xsim'
INFO: [USF-XSim-98] *** Running xsim
   with args "floating_point_conversion_tb_behav -key {Behavioral:sim_1:Functional:floating_point_conversion_tb} -tclbatch {floating_point_conversion_tb.tcl} -log {simulate.log}"
INFO: [USF-XSim-8] Loading simulator feature
Vivado Simulator 2018.2
Time resolution is 1 ps
source floating_point_conversion_tb.tcl
# set curr_wave [current_wave_config]
# if { [string length $curr_wave] == 0 } {
#   if { [llength [get_objects]] > 0} {
#     add_wave /
#     set_property needs_save false [current_wave_config]
#   } else {
#      send_msg_id Add_Wave-1 WARNING "No top level signals found. Simulator will start without a wave window. If you want to open a wave window go to 'File->New Waveform Configuration' or type 'create_wave_config' in the TCL console."
#   }
# }
# run 1000ns
original in_D value is 000000011111
in_D value is 111110000000
Output is 0, 010, 1000
INFO: [USF-XSim-96] XSim completed. Design snapshot 'floating_point_conversion_tb_behav' loaded.
INFO: [USF-XSim-97] XSim simulation ran for 1000ns
launch_simulation: Time (s): cpu = 00:00:02 ; elapsed = 00:00:06 . Memory (MB): peak = 919.480 ; gain = 0.000
close_sim
INFO: [Simtcl 6-16] Simulation closed
launch_simulation
INFO: [Vivado 12-5682] Launching behavioral simulation in 'C:/Users/haoxu/Documents/m152a/lab2/floating_point_conversion/floating_point_conversion.sim/sim_1/behav/xsim'
INFO: [SIM-utils-51] Simulation object is 'sim_1'
INFO: [SIM-utils-54] Inspecting design source files for 'floating_point_conversion_tb' in fileset 'sim_1'...
INFO: [USF-XSim-97] Finding global include files...
INFO: [USF-XSim-98] Fetching design files from 'sim_1'...
INFO: [USF-XSim-2] XSim::Compile design
INFO: [USF-XSim-61] Executing 'COMPILE and ANALYZE' step in 'C:/Users/haoxu/Documents/m152a/lab2/floating_point_conversion/floating_point_conversion.sim/sim_1/behav/xsim'
"xvlog --incr --relax -prj floating_point_conversion_tb_vlog.prj"
INFO: [VRFC 10-2263] Analyzing Verilog file "C:/Users/haoxu/Documents/m152a/lab2/floating_point_conversion/floating_point_conversion.srcs/sources_1/new/fpcvt.v" into library xil_defaultlib
INFO: [VRFC 10-311] analyzing module fpcvt
INFO: [VRFC 10-2263] Analyzing Verilog file "C:/Users/haoxu/Documents/m152a/lab2/floating_point_conversion/floating_point_conversion.srcs/sources_1/new/floating_point_conversion_tb.v" into library xil_defaultlib
INFO: [VRFC 10-311] analyzing module floating_point_conversion_tb
INFO: [USF-XSim-69] 'compile' step finished in '2' seconds
INFO: [USF-XSim-3] XSim::Elaborate design
INFO: [USF-XSim-61] Executing 'ELABORATE' step in 'C:/Users/haoxu/Documents/m152a/lab2/floating_point_conversion/floating_point_conversion.sim/sim_1/behav/xsim'
Vivado Simulator 2018.2
Copyright 1986-1999, 2001-2018 Xilinx, Inc. All Rights Reserved.
Running: C:/Xilinx/Vivado/2018.2/bin/unwrapped/win64.o/xelab.exe -wto 7bdf4f29ed5b44dca7b4899c5c18519d --incr --debug typical --relax --mt 2 -L xil_defaultlib -L unisims_ver -L unimacro_ver -L secureip --snapshot floating_point_conversion_tb_behav xil_defaultlib.floating_point_conversion_tb xil_defaultlib.glbl -log elaborate.log 
Using 2 slave threads.
Starting static elaboration
Completed static elaboration
Starting simulation data flow analysis
Completed simulation data flow analysis
Time Resolution for simulation is 1ps
Compiling module xil_defaultlib.fpcvt
Compiling module xil_defaultlib.floating_point_conversion_tb
Compiling module xil_defaultlib.glbl
Built simulation snapshot floating_point_conversion_tb_behav
INFO: [USF-XSim-69] 'elaborate' step finished in '2' seconds
INFO: [USF-XSim-4] XSim::Simulate design
INFO: [USF-XSim-61] Executing 'SIMULATE' step in 'C:/Users/haoxu/Documents/m152a/lab2/floating_point_conversion/floating_point_conversion.sim/sim_1/behav/xsim'
INFO: [USF-XSim-98] *** Running xsim
   with args "floating_point_conversion_tb_behav -key {Behavioral:sim_1:Functional:floating_point_conversion_tb} -tclbatch {floating_point_conversion_tb.tcl} -log {simulate.log}"
INFO: [USF-XSim-8] Loading simulator feature
Vivado Simulator 2018.2
Time resolution is 1 ps
source floating_point_conversion_tb.tcl
# set curr_wave [current_wave_config]
# if { [string length $curr_wave] == 0 } {
#   if { [llength [get_objects]] > 0} {
#     add_wave /
#     set_property needs_save false [current_wave_config]
#   } else {
#      send_msg_id Add_Wave-1 WARNING "No top level signals found. Simulator will start without a wave window. If you want to open a wave window go to 'File->New Waveform Configuration' or type 'create_wave_config' in the TCL console."
#   }
# }
# run 1000ns
original in_D value is 000000000000
in_D value is 000000000000
Output is 0, 000, 0000
INFO: [USF-XSim-96] XSim completed. Design snapshot 'floating_point_conversion_tb_behav' loaded.
INFO: [USF-XSim-97] XSim simulation ran for 1000ns
launch_simulation: Time (s): cpu = 00:00:02 ; elapsed = 00:00:06 . Memory (MB): peak = 922.625 ; gain = 0.000
close_sim
INFO: [Simtcl 6-16] Simulation closed
launch_simulation
INFO: [Vivado 12-5682] Launching behavioral simulation in 'C:/Users/haoxu/Documents/m152a/lab2/floating_point_conversion/floating_point_conversion.sim/sim_1/behav/xsim'
INFO: [SIM-utils-51] Simulation object is 'sim_1'
INFO: [SIM-utils-54] Inspecting design source files for 'floating_point_conversion_tb' in fileset 'sim_1'...
INFO: [USF-XSim-97] Finding global include files...
INFO: [USF-XSim-98] Fetching design files from 'sim_1'...
INFO: [USF-XSim-2] XSim::Compile design
INFO: [USF-XSim-61] Executing 'COMPILE and ANALYZE' step in 'C:/Users/haoxu/Documents/m152a/lab2/floating_point_conversion/floating_point_conversion.sim/sim_1/behav/xsim'
"xvlog --incr --relax -prj floating_point_conversion_tb_vlog.prj"
INFO: [VRFC 10-2263] Analyzing Verilog file "C:/Users/haoxu/Documents/m152a/lab2/floating_point_conversion/floating_point_conversion.srcs/sources_1/new/fpcvt.v" into library xil_defaultlib
INFO: [VRFC 10-311] analyzing module fpcvt
INFO: [VRFC 10-2263] Analyzing Verilog file "C:/Users/haoxu/Documents/m152a/lab2/floating_point_conversion/floating_point_conversion.srcs/sources_1/new/floating_point_conversion_tb.v" into library xil_defaultlib
INFO: [VRFC 10-311] analyzing module floating_point_conversion_tb
INFO: [USF-XSim-69] 'compile' step finished in '2' seconds
INFO: [USF-XSim-3] XSim::Elaborate design
INFO: [USF-XSim-61] Executing 'ELABORATE' step in 'C:/Users/haoxu/Documents/m152a/lab2/floating_point_conversion/floating_point_conversion.sim/sim_1/behav/xsim'
Vivado Simulator 2018.2
Copyright 1986-1999, 2001-2018 Xilinx, Inc. All Rights Reserved.
Running: C:/Xilinx/Vivado/2018.2/bin/unwrapped/win64.o/xelab.exe -wto 7bdf4f29ed5b44dca7b4899c5c18519d --incr --debug typical --relax --mt 2 -L xil_defaultlib -L unisims_ver -L unimacro_ver -L secureip --snapshot floating_point_conversion_tb_behav xil_defaultlib.floating_point_conversion_tb xil_defaultlib.glbl -log elaborate.log 
Using 2 slave threads.
Starting static elaboration
Completed static elaboration
Starting simulation data flow analysis
Completed simulation data flow analysis
Time Resolution for simulation is 1ps
Compiling module xil_defaultlib.fpcvt
Compiling module xil_defaultlib.floating_point_conversion_tb
Compiling module xil_defaultlib.glbl
Built simulation snapshot floating_point_conversion_tb_behav
INFO: [USF-XSim-69] 'elaborate' step finished in '2' seconds
INFO: [USF-XSim-4] XSim::Simulate design
INFO: [USF-XSim-61] Executing 'SIMULATE' step in 'C:/Users/haoxu/Documents/m152a/lab2/floating_point_conversion/floating_point_conversion.sim/sim_1/behav/xsim'
INFO: [USF-XSim-98] *** Running xsim
   with args "floating_point_conversion_tb_behav -key {Behavioral:sim_1:Functional:floating_point_conversion_tb} -tclbatch {floating_point_conversion_tb.tcl} -log {simulate.log}"
INFO: [USF-XSim-8] Loading simulator feature
Vivado Simulator 2018.2
Time resolution is 1 ps
source floating_point_conversion_tb.tcl
# set curr_wave [current_wave_config]
# if { [string length $curr_wave] == 0 } {
#   if { [llength [get_objects]] > 0} {
#     add_wave /
#     set_property needs_save false [current_wave_config]
#   } else {
#      send_msg_id Add_Wave-1 WARNING "No top level signals found. Simulator will start without a wave window. If you want to open a wave window go to 'File->New Waveform Configuration' or type 'create_wave_config' in the TCL console."
#   }
# }
# run 1000ns
original in_D value is 100000000000
in_D value is 111111111110
Output is 1, 111, 1111
INFO: [USF-XSim-96] XSim completed. Design snapshot 'floating_point_conversion_tb_behav' loaded.
INFO: [USF-XSim-97] XSim simulation ran for 1000ns
launch_simulation: Time (s): cpu = 00:00:03 ; elapsed = 00:00:06 . Memory (MB): peak = 925.309 ; gain = 1.949
close_sim
INFO: [Simtcl 6-16] Simulation closed
launch_simulation
INFO: [Vivado 12-5682] Launching behavioral simulation in 'C:/Users/haoxu/Documents/m152a/lab2/floating_point_conversion/floating_point_conversion.sim/sim_1/behav/xsim'
INFO: [SIM-utils-51] Simulation object is 'sim_1'
INFO: [SIM-utils-54] Inspecting design source files for 'floating_point_conversion_tb' in fileset 'sim_1'...
INFO: [USF-XSim-97] Finding global include files...
INFO: [USF-XSim-98] Fetching design files from 'sim_1'...
INFO: [USF-XSim-2] XSim::Compile design
INFO: [USF-XSim-61] Executing 'COMPILE and ANALYZE' step in 'C:/Users/haoxu/Documents/m152a/lab2/floating_point_conversion/floating_point_conversion.sim/sim_1/behav/xsim'
"xvlog --incr --relax -prj floating_point_conversion_tb_vlog.prj"
INFO: [VRFC 10-2263] Analyzing Verilog file "C:/Users/haoxu/Documents/m152a/lab2/floating_point_conversion/floating_point_conversion.srcs/sources_1/new/fpcvt.v" into library xil_defaultlib
INFO: [VRFC 10-311] analyzing module fpcvt
INFO: [VRFC 10-2263] Analyzing Verilog file "C:/Users/haoxu/Documents/m152a/lab2/floating_point_conversion/floating_point_conversion.srcs/sources_1/new/floating_point_conversion_tb.v" into library xil_defaultlib
INFO: [VRFC 10-311] analyzing module floating_point_conversion_tb
INFO: [USF-XSim-69] 'compile' step finished in '2' seconds
INFO: [USF-XSim-3] XSim::Elaborate design
INFO: [USF-XSim-61] Executing 'ELABORATE' step in 'C:/Users/haoxu/Documents/m152a/lab2/floating_point_conversion/floating_point_conversion.sim/sim_1/behav/xsim'
Vivado Simulator 2018.2
Copyright 1986-1999, 2001-2018 Xilinx, Inc. All Rights Reserved.
Running: C:/Xilinx/Vivado/2018.2/bin/unwrapped/win64.o/xelab.exe -wto 7bdf4f29ed5b44dca7b4899c5c18519d --incr --debug typical --relax --mt 2 -L xil_defaultlib -L unisims_ver -L unimacro_ver -L secureip --snapshot floating_point_conversion_tb_behav xil_defaultlib.floating_point_conversion_tb xil_defaultlib.glbl -log elaborate.log 
Using 2 slave threads.
Starting static elaboration
Completed static elaboration
Starting simulation data flow analysis
Completed simulation data flow analysis
Time Resolution for simulation is 1ps
Compiling module xil_defaultlib.fpcvt
Compiling module xil_defaultlib.floating_point_conversion_tb
Compiling module xil_defaultlib.glbl
Built simulation snapshot floating_point_conversion_tb_behav
INFO: [USF-XSim-69] 'elaborate' step finished in '2' seconds
INFO: [USF-XSim-4] XSim::Simulate design
INFO: [USF-XSim-61] Executing 'SIMULATE' step in 'C:/Users/haoxu/Documents/m152a/lab2/floating_point_conversion/floating_point_conversion.sim/sim_1/behav/xsim'
INFO: [USF-XSim-98] *** Running xsim
   with args "floating_point_conversion_tb_behav -key {Behavioral:sim_1:Functional:floating_point_conversion_tb} -tclbatch {floating_point_conversion_tb.tcl} -log {simulate.log}"
INFO: [USF-XSim-8] Loading simulator feature
Vivado Simulator 2018.2
Time resolution is 1 ps
source floating_point_conversion_tb.tcl
# set curr_wave [current_wave_config]
# if { [string length $curr_wave] == 0 } {
#   if { [llength [get_objects]] > 0} {
#     add_wave /
#     set_property needs_save false [current_wave_config]
#   } else {
#      send_msg_id Add_Wave-1 WARNING "No top level signals found. Simulator will start without a wave window. If you want to open a wave window go to 'File->New Waveform Configuration' or type 'create_wave_config' in the TCL console."
#   }
# }
# run 1000ns
original in_D value is 011111111111
in_D value is 111111111110
Output is 0, 111, 1111
INFO: [USF-XSim-96] XSim completed. Design snapshot 'floating_point_conversion_tb_behav' loaded.
INFO: [USF-XSim-97] XSim simulation ran for 1000ns
launch_simulation: Time (s): cpu = 00:00:02 ; elapsed = 00:00:06 . Memory (MB): peak = 926.473 ; gain = 1.164
close_sim
INFO: [Simtcl 6-16] Simulation closed
launch_simulation
INFO: [Vivado 12-5682] Launching behavioral simulation in 'C:/Users/haoxu/Documents/m152a/lab2/floating_point_conversion/floating_point_conversion.sim/sim_1/behav/xsim'
INFO: [SIM-utils-51] Simulation object is 'sim_1'
INFO: [SIM-utils-54] Inspecting design source files for 'floating_point_conversion_tb' in fileset 'sim_1'...
INFO: [USF-XSim-97] Finding global include files...
INFO: [USF-XSim-98] Fetching design files from 'sim_1'...
INFO: [USF-XSim-2] XSim::Compile design
INFO: [USF-XSim-61] Executing 'COMPILE and ANALYZE' step in 'C:/Users/haoxu/Documents/m152a/lab2/floating_point_conversion/floating_point_conversion.sim/sim_1/behav/xsim'
"xvlog --incr --relax -prj floating_point_conversion_tb_vlog.prj"
INFO: [VRFC 10-2263] Analyzing Verilog file "C:/Users/haoxu/Documents/m152a/lab2/floating_point_conversion/floating_point_conversion.srcs/sources_1/new/fpcvt.v" into library xil_defaultlib
INFO: [VRFC 10-311] analyzing module fpcvt
INFO: [VRFC 10-2263] Analyzing Verilog file "C:/Users/haoxu/Documents/m152a/lab2/floating_point_conversion/floating_point_conversion.srcs/sources_1/new/floating_point_conversion_tb.v" into library xil_defaultlib
INFO: [VRFC 10-311] analyzing module floating_point_conversion_tb
INFO: [USF-XSim-69] 'compile' step finished in '2' seconds
INFO: [USF-XSim-3] XSim::Elaborate design
INFO: [USF-XSim-61] Executing 'ELABORATE' step in 'C:/Users/haoxu/Documents/m152a/lab2/floating_point_conversion/floating_point_conversion.sim/sim_1/behav/xsim'
Vivado Simulator 2018.2
Copyright 1986-1999, 2001-2018 Xilinx, Inc. All Rights Reserved.
Running: C:/Xilinx/Vivado/2018.2/bin/unwrapped/win64.o/xelab.exe -wto 7bdf4f29ed5b44dca7b4899c5c18519d --incr --debug typical --relax --mt 2 -L xil_defaultlib -L unisims_ver -L unimacro_ver -L secureip --snapshot floating_point_conversion_tb_behav xil_defaultlib.floating_point_conversion_tb xil_defaultlib.glbl -log elaborate.log 
Using 2 slave threads.
Starting static elaboration
Completed static elaboration
Starting simulation data flow analysis
Completed simulation data flow analysis
Time Resolution for simulation is 1ps
Compiling module xil_defaultlib.fpcvt
Compiling module xil_defaultlib.floating_point_conversion_tb
Compiling module xil_defaultlib.glbl
Built simulation snapshot floating_point_conversion_tb_behav
INFO: [USF-XSim-69] 'elaborate' step finished in '2' seconds
INFO: [USF-XSim-4] XSim::Simulate design
INFO: [USF-XSim-61] Executing 'SIMULATE' step in 'C:/Users/haoxu/Documents/m152a/lab2/floating_point_conversion/floating_point_conversion.sim/sim_1/behav/xsim'
INFO: [USF-XSim-98] *** Running xsim
   with args "floating_point_conversion_tb_behav -key {Behavioral:sim_1:Functional:floating_point_conversion_tb} -tclbatch {floating_point_conversion_tb.tcl} -log {simulate.log}"
INFO: [USF-XSim-8] Loading simulator feature
Vivado Simulator 2018.2
Time resolution is 1 ps
source floating_point_conversion_tb.tcl
# set curr_wave [current_wave_config]
# if { [string length $curr_wave] == 0 } {
#   if { [llength [get_objects]] > 0} {
#     add_wave /
#     set_property needs_save false [current_wave_config]
#   } else {
#      send_msg_id Add_Wave-1 WARNING "No top level signals found. Simulator will start without a wave window. If you want to open a wave window go to 'File->New Waveform Configuration' or type 'create_wave_config' in the TCL console."
#   }
# }
# run 1000ns
original in_D value is 000000001111
in_D value is 111100000000
Output is 0, 000, 1111
INFO: [USF-XSim-96] XSim completed. Design snapshot 'floating_point_conversion_tb_behav' loaded.
INFO: [USF-XSim-97] XSim simulation ran for 1000ns
launch_simulation: Time (s): cpu = 00:00:03 ; elapsed = 00:00:06 . Memory (MB): peak = 929.934 ; gain = 0.785
close_sim
INFO: [Simtcl 6-16] Simulation closed
launch_simulation
INFO: [Vivado 12-5682] Launching behavioral simulation in 'C:/Users/haoxu/Documents/m152a/lab2/floating_point_conversion/floating_point_conversion.sim/sim_1/behav/xsim'
INFO: [SIM-utils-51] Simulation object is 'sim_1'
INFO: [SIM-utils-54] Inspecting design source files for 'floating_point_conversion_tb' in fileset 'sim_1'...
INFO: [USF-XSim-97] Finding global include files...
INFO: [USF-XSim-98] Fetching design files from 'sim_1'...
INFO: [USF-XSim-2] XSim::Compile design
INFO: [USF-XSim-61] Executing 'COMPILE and ANALYZE' step in 'C:/Users/haoxu/Documents/m152a/lab2/floating_point_conversion/floating_point_conversion.sim/sim_1/behav/xsim'
"xvlog --incr --relax -prj floating_point_conversion_tb_vlog.prj"
INFO: [VRFC 10-2263] Analyzing Verilog file "C:/Users/haoxu/Documents/m152a/lab2/floating_point_conversion/floating_point_conversion.srcs/sources_1/new/fpcvt.v" into library xil_defaultlib
INFO: [VRFC 10-311] analyzing module fpcvt
INFO: [VRFC 10-2263] Analyzing Verilog file "C:/Users/haoxu/Documents/m152a/lab2/floating_point_conversion/floating_point_conversion.srcs/sources_1/new/floating_point_conversion_tb.v" into library xil_defaultlib
INFO: [VRFC 10-311] analyzing module floating_point_conversion_tb
INFO: [USF-XSim-69] 'compile' step finished in '1' seconds
INFO: [USF-XSim-3] XSim::Elaborate design
INFO: [USF-XSim-61] Executing 'ELABORATE' step in 'C:/Users/haoxu/Documents/m152a/lab2/floating_point_conversion/floating_point_conversion.sim/sim_1/behav/xsim'
Vivado Simulator 2018.2
Copyright 1986-1999, 2001-2018 Xilinx, Inc. All Rights Reserved.
Running: C:/Xilinx/Vivado/2018.2/bin/unwrapped/win64.o/xelab.exe -wto 7bdf4f29ed5b44dca7b4899c5c18519d --incr --debug typical --relax --mt 2 -L xil_defaultlib -L unisims_ver -L unimacro_ver -L secureip --snapshot floating_point_conversion_tb_behav xil_defaultlib.floating_point_conversion_tb xil_defaultlib.glbl -log elaborate.log 
Using 2 slave threads.
Starting static elaboration
Completed static elaboration
Starting simulation data flow analysis
Completed simulation data flow analysis
Time Resolution for simulation is 1ps
Compiling module xil_defaultlib.fpcvt
Compiling module xil_defaultlib.floating_point_conversion_tb
Compiling module xil_defaultlib.glbl
Built simulation snapshot floating_point_conversion_tb_behav
INFO: [USF-XSim-69] 'elaborate' step finished in '2' seconds
INFO: [USF-XSim-4] XSim::Simulate design
INFO: [USF-XSim-61] Executing 'SIMULATE' step in 'C:/Users/haoxu/Documents/m152a/lab2/floating_point_conversion/floating_point_conversion.sim/sim_1/behav/xsim'
INFO: [USF-XSim-98] *** Running xsim
   with args "floating_point_conversion_tb_behav -key {Behavioral:sim_1:Functional:floating_point_conversion_tb} -tclbatch {floating_point_conversion_tb.tcl} -log {simulate.log}"
INFO: [USF-XSim-8] Loading simulator feature
Vivado Simulator 2018.2
Time resolution is 1 ps
source floating_point_conversion_tb.tcl
# set curr_wave [current_wave_config]
# if { [string length $curr_wave] == 0 } {
#   if { [llength [get_objects]] > 0} {
#     add_wave /
#     set_property needs_save false [current_wave_config]
#   } else {
#      send_msg_id Add_Wave-1 WARNING "No top level signals found. Simulator will start without a wave window. If you want to open a wave window go to 'File->New Waveform Configuration' or type 'create_wave_config' in the TCL console."
#   }
# }
# run 1000ns
original in_D value is 000110100110
in_D value is 110100110000
Output is 0, 101, 1101
INFO: [USF-XSim-96] XSim completed. Design snapshot 'floating_point_conversion_tb_behav' loaded.
INFO: [USF-XSim-97] XSim simulation ran for 1000ns
launch_simulation: Time (s): cpu = 00:00:02 ; elapsed = 00:00:06 . Memory (MB): peak = 932.047 ; gain = 0.051
close_sim
INFO: [Simtcl 6-16] Simulation closed
launch_simulation
INFO: [Vivado 12-5682] Launching behavioral simulation in 'C:/Users/haoxu/Documents/m152a/lab2/floating_point_conversion/floating_point_conversion.sim/sim_1/behav/xsim'
INFO: [SIM-utils-51] Simulation object is 'sim_1'
INFO: [SIM-utils-54] Inspecting design source files for 'floating_point_conversion_tb' in fileset 'sim_1'...
INFO: [USF-XSim-97] Finding global include files...
INFO: [USF-XSim-98] Fetching design files from 'sim_1'...
INFO: [USF-XSim-2] XSim::Compile design
INFO: [USF-XSim-61] Executing 'COMPILE and ANALYZE' step in 'C:/Users/haoxu/Documents/m152a/lab2/floating_point_conversion/floating_point_conversion.sim/sim_1/behav/xsim'
"xvlog --incr --relax -prj floating_point_conversion_tb_vlog.prj"
INFO: [VRFC 10-2263] Analyzing Verilog file "C:/Users/haoxu/Documents/m152a/lab2/floating_point_conversion/floating_point_conversion.srcs/sources_1/new/fpcvt.v" into library xil_defaultlib
INFO: [VRFC 10-311] analyzing module fpcvt
INFO: [VRFC 10-2263] Analyzing Verilog file "C:/Users/haoxu/Documents/m152a/lab2/floating_point_conversion/floating_point_conversion.srcs/sources_1/new/floating_point_conversion_tb.v" into library xil_defaultlib
INFO: [VRFC 10-311] analyzing module floating_point_conversion_tb
INFO: [USF-XSim-69] 'compile' step finished in '2' seconds
INFO: [USF-XSim-3] XSim::Elaborate design
INFO: [USF-XSim-61] Executing 'ELABORATE' step in 'C:/Users/haoxu/Documents/m152a/lab2/floating_point_conversion/floating_point_conversion.sim/sim_1/behav/xsim'
Vivado Simulator 2018.2
Copyright 1986-1999, 2001-2018 Xilinx, Inc. All Rights Reserved.
Running: C:/Xilinx/Vivado/2018.2/bin/unwrapped/win64.o/xelab.exe -wto 7bdf4f29ed5b44dca7b4899c5c18519d --incr --debug typical --relax --mt 2 -L xil_defaultlib -L unisims_ver -L unimacro_ver -L secureip --snapshot floating_point_conversion_tb_behav xil_defaultlib.floating_point_conversion_tb xil_defaultlib.glbl -log elaborate.log 
Using 2 slave threads.
Starting static elaboration
Completed static elaboration
Starting simulation data flow analysis
Completed simulation data flow analysis
Time Resolution for simulation is 1ps
Compiling module xil_defaultlib.fpcvt
Compiling module xil_defaultlib.floating_point_conversion_tb
Compiling module xil_defaultlib.glbl
Built simulation snapshot floating_point_conversion_tb_behav
INFO: [USF-XSim-69] 'elaborate' step finished in '2' seconds
INFO: [USF-XSim-4] XSim::Simulate design
INFO: [USF-XSim-61] Executing 'SIMULATE' step in 'C:/Users/haoxu/Documents/m152a/lab2/floating_point_conversion/floating_point_conversion.sim/sim_1/behav/xsim'
INFO: [USF-XSim-98] *** Running xsim
   with args "floating_point_conversion_tb_behav -key {Behavioral:sim_1:Functional:floating_point_conversion_tb} -tclbatch {floating_point_conversion_tb.tcl} -log {simulate.log}"
INFO: [USF-XSim-8] Loading simulator feature
Vivado Simulator 2018.2
Time resolution is 1 ps
source floating_point_conversion_tb.tcl
# set curr_wave [current_wave_config]
# if { [string length $curr_wave] == 0 } {
#   if { [llength [get_objects]] > 0} {
#     add_wave /
#     set_property needs_save false [current_wave_config]
#   } else {
#      send_msg_id Add_Wave-1 WARNING "No top level signals found. Simulator will start without a wave window. If you want to open a wave window go to 'File->New Waveform Configuration' or type 'create_wave_config' in the TCL console."
#   }
# }
# run 1000ns
original in_D value is 111001011010
in_D value is 110100110000
Output is 1, 101, 1101
INFO: [USF-XSim-96] XSim completed. Design snapshot 'floating_point_conversion_tb_behav' loaded.
INFO: [USF-XSim-97] XSim simulation ran for 1000ns
launch_simulation: Time (s): cpu = 00:00:03 ; elapsed = 00:00:06 . Memory (MB): peak = 934.508 ; gain = 0.000
close_sim
INFO: [Simtcl 6-16] Simulation closed
exit
INFO: [Common 17-206] Exiting Vivado at Tue Feb  6 15:39:38 2024...
