#-----------------------------------------------------------
# Vivado v2018.2 (64-bit)
# SW Build 2258646 on Thu Jun 14 20:03:12 MDT 2018
# IP Build 2256618 on Thu Jun 14 22:10:49 MDT 2018
# Start of session at: Thu Mar  7 16:07:55 2024
# Process ID: 16916
# Current directory: C:/Users/haoxu/Documents/m152a/lab3/stopwatch
# Command line: vivado.exe -gui_launcher_event rodinguilauncherevent7412 C:\Users\haoxu\Documents\m152a\lab3\stopwatch\stopwatch.xpr
# Log file: C:/Users/haoxu/Documents/m152a/lab3/stopwatch/vivado.log
# Journal file: C:/Users/haoxu/Documents/m152a/lab3/stopwatch\vivado.jou
#-----------------------------------------------------------
start_gui
open_project C:/Users/haoxu/Documents/m152a/lab3/stopwatch/stopwatch.xpr
Scanning sources...
Finished scanning sources
INFO: [IP_Flow 19-234] Refreshing IP repositories
INFO: [IP_Flow 19-1704] No user IP repositories specified
INFO: [IP_Flow 19-2313] Loaded Vivado IP repository 'C:/Xilinx/Vivado/2018.2/data/ip'.
update_compile_order -fileset sources_1
exit
INFO: [Common 17-206] Exiting Vivado at Thu Mar  7 17:11:14 2024...
