#-----------------------------------------------------------
# Vivado v2018.2 (64-bit)
# SW Build 2258646 on Thu Jun 14 20:03:12 MDT 2018
# IP Build 2256618 on Thu Jun 14 22:10:49 MDT 2018
# Start of session at: Sun Mar 17 00:07:21 2024
# Process ID: 15912
# Current directory: C:/Users/haoxu/Documents/m152a/lab3/stopwatch
# Command line: vivado.exe -gui_launcher_event rodinguilauncherevent8596 C:\Users\haoxu\Documents\m152a\lab3\stopwatch\stopwatch.xpr
# Log file: C:/Users/haoxu/Documents/m152a/lab3/stopwatch/vivado.log
# Journal file: C:/Users/haoxu/Documents/m152a/lab3/stopwatch\vivado.jou
#-----------------------------------------------------------
start_gui
open_project C:/Users/haoxu/Documents/m152a/lab3/stopwatch/stopwatch.xpr
Scanning sources...
Finished scanning sources
INFO: [IP_Flow 19-234] Refreshing IP repositories
INFO: [IP_Flow 19-1704] No user IP repositories specified
INFO: [IP_Flow 19-2313] Loaded Vivado IP repository 'C:/Xilinx/Vivado/2018.2/data/ip'.
open_project: Time (s): cpu = 00:00:16 ; elapsed = 00:00:09 . Memory (MB): peak = 899.199 ; gain = 149.523
update_compile_order -fileset sources_1
exit
INFO: [Common 17-206] Exiting Vivado at Sun Mar 17 02:00:11 2024...
