#-----------------------------------------------------------
# Vivado v2018.2 (64-bit)
# SW Build 2258646 on Thu Jun 14 20:03:12 MDT 2018
# IP Build 2256618 on Thu Jun 14 22:10:49 MDT 2018
# Start of session at: Thu Mar 14 12:34:05 2024
# Process ID: 14268
# Current directory: C:/Users/haoxu/Documents/m152a/lab3/stopwatch
# Command line: vivado.exe -gui_launcher_event rodinguilauncherevent3736 C:\Users\haoxu\Documents\m152a\lab3\stopwatch\stopwatch.xpr
# Log file: C:/Users/haoxu/Documents/m152a/lab3/stopwatch/vivado.log
# Journal file: C:/Users/haoxu/Documents/m152a/lab3/stopwatch\vivado.jou
#-----------------------------------------------------------
start_gui
open_project C:/Users/haoxu/Documents/m152a/lab3/stopwatch/stopwatch.xpr
Scanning sources...
Finished scanning sources
INFO: [IP_Flow 19-234] Refreshing IP repositories
INFO: [IP_Flow 19-1704] No user IP repositories specified
INFO: [IP_Flow 19-2313] Loaded Vivado IP repository 'C:/Xilinx/Vivado/2018.2/data/ip'.
open_project: Time (s): cpu = 00:00:15 ; elapsed = 00:00:08 . Memory (MB): peak = 880.695 ; gain = 136.641
update_compile_order -fileset sources_1
reset_run synth_1
launch_runs impl_1 -to_step write_bitstream -jobs 8
[Thu Mar 14 13:20:30 2024] Launched synth_1...
Run output will be captured here: C:/Users/haoxu/Documents/m152a/lab3/stopwatch/stopwatch.runs/synth_1/runme.log
[Thu Mar 14 13:20:30 2024] Launched impl_1...
Run output will be captured here: C:/Users/haoxu/Documents/m152a/lab3/stopwatch/stopwatch.runs/impl_1/runme.log
exit
INFO: [Common 17-206] Exiting Vivado at Thu Mar 14 13:54:31 2024...
